[CONFIG] 使用配置文件: /home/trader/polymarket_api/POLYMARKET_MAKER_AUTO/POLYMARKET_MAKER/logs/run_params_will-the-fate-of-ophelia-taylor-swift-be-the-1-song-on-spotify-this-week.json
[INIT] API 凭证已验证。
[INIT] ClobClient 就绪。
[INFO] 市场/子问题标题: Will The Fate of Ophelia - Taylor Swift be the #1 song on Spotify this week?
[INFO] 解析到 tokenIds: YES=55279349122848040017817556069442296814047261688984945759272867975787022205399 | NO=103381082174746715741081236545815455971299473101796363447356323248296848307526
[INFO] 市场标注时区: America/New_York
[INFO] 市场计划截止时间 (UTC): 2025-12-12T00:00:00+00:00
[WARN] 自动获取的截止日期缺少具体时刻，已按默认配置设置截止时间为 2025-12-12T12:59:00-05:00 (America/New_York)。
[INFO] 监控目标结束时间 (UTC): 2025-12-12T17:59:00+00:00
[INFO] 未能识别市场价格精度，默认按盈利百分比下限 0.300% 执行。
[INIT] 方向: YES -> token_id=55279349122848040017817556069442296814047261688984945759272867975787022205399
[INIT] 已读取手动份数 10.0526，模式：总持仓目标。
[INIT] 卖出挂单模式：aggressive
[INIT] 卖出后递增买入阈值已启用，步长 0.0200%。
[INFO] 倒计时卖出模式将在市场结束前 300 分钟开启。
[RUN] 监听行情中… 输入 stop / exit 可手动停止。
[WAIT] 尚未收到行情，继续等待…
[CONFIG] 使用配置文件: /home/trader/polymarket_api/POLYMARKET_MAKER_AUTO/POLYMARKET_MAKER/logs/run_params_will-the-fate-of-ophelia-taylor-swift-be-the-1-song-on-spotify-this-week.json
[INIT] API 凭证已验证。
[INIT] ClobClient 就绪。
[INFO] 市场/子问题标题: Will The Fate of Ophelia - Taylor Swift be the #1 song on Spotify this week?
[INFO] 解析到 tokenIds: YES=55279349122848040017817556069442296814047261688984945759272867975787022205399 | NO=103381082174746715741081236545815455971299473101796363447356323248296848307526
[INFO] 市场标注时区: America/New_York
[INFO] 市场计划截止时间 (UTC): 2025-12-12T00:00:00+00:00
[WARN] 自动获取的截止日期缺少具体时刻，已按默认配置设置截止时间为 2025-12-12T12:59:00-05:00 (America/New_York)。
[INFO] 监控目标结束时间 (UTC): 2025-12-12T17:59:00+00:00
[INFO] 未能识别市场价格精度，默认按盈利百分比下限 0.300% 执行。
[INIT] 方向: YES -> token_id=55279349122848040017817556069442296814047261688984945759272867975787022205399
[INIT] 已读取手动份数 10.0526，模式：总持仓目标。
[INIT] 卖出挂单模式：aggressive
[INIT] 卖出后递增买入阈值已启用，步长 0.0200%。
[INFO] 倒计时卖出模式将在市场结束前 300 分钟开启。
[RUN] 监听行情中… 输入 stop / exit 可手动停止。
[WAIT] 尚未收到行情，继续等待…
[WAIT] 尚未收到行情，继续等待…
[WAIT] 尚未收到行情，继续等待…
